#
# A fatal error has been detected by the Java Runtime Environment:
#
#  EXCEPTION_ACCESS_VIOLATION (0xc0000005) at pc=0x64b605ea, pid=9192, tid=0x00001240
#
# JRE version: Java(TM) SE Runtime Environment (8.0_151-b12) (build 1.8.0_151-b12)
# Java VM: Java HotSpot(TM) Client VM (25.151-b12 mixed mode, sharing windows-x86 )
# Problematic frame:
# V  [jvm.dll+0xc05ea]
#
# Failed to write core dump. Minidumps are not enabled by default on client versions of Windows
#
# If you would like to submit a bug report, please visit:
#   http://bugreport.java.com/bugreport/crash.jsp
#

---------------  T H R E A D  ---------------

Current thread (0x02152000):  VMThread [stack: 0x15250000,0x152a0000] [id=4672]

siginfo: ExceptionCode=0xc0000005, reading address 0x00000002

Registers:
EAX=0x14f9f4d0, EBX=0x0a9653d0, ECX=0x14f9f4c8, EDX=0x00000003
ESP=0x1529f5b0, EBP=0x1529f5d0, ESI=0x0a9653dc, EDI=0x00000002
EIP=0x64b605ea, EFLAGS=0x00010202

Top of Stack: (sp=0x1529f5b0)
0x1529f5b0:   17cfa400 00000000 64e0b4f4 14f9f4d0
0x1529f5c0:   0a9653dc 00000000 00000000 14f9f4c8
0x1529f5d0:   1529f5f0 64c55b41 0a9653c8 17cfa400
0x1529f5e0:   64e0b4f4 00000000 ffffffeb 64e0b4f4
0x1529f5f0:   1529f5fc 64c55d3c 17cfa404 1529f7e4
0x1529f600:   64c1a903 17cfa404 00000001 17cfa400
0x1529f610:   00000000 00000000 1529f868 64c87c3d
0x1529f620:   00000015 00000020 64d77e94 1529f85c 

Instructions: (pc=0x64b605ea)
0x64b605ca:   04 8d 34 93 89 75 f0 3b de 0f 83 3a 01 00 00 8d
0x64b605da:   a4 24 00 00 00 00 8b 3b 85 ff 0f 84 1b 01 00 00
0x64b605ea:   8b 07 83 e0 03 3c 03 0f 84 0e 01 00 00 80 3d 54
0x64b605fa:   1b e3 64 00 74 09 57 e8 0a 6a 1a 00 83 c4 04 8b 


Register to memory mapping:

EAX=0x14f9f4d0 is pointing into metadata
EBX=0x0a9653d0 is pointing into object: 0x0a9653c8
java.beans.MethodRef 
 - klass: 'java/beans/MethodRef'
ECX=0x14f9f4c8 is pointing into metadata
EDX=0x00000003 is an unknown value
ESP=0x1529f5b0 is an unknown value
EBP=0x1529f5d0 is an unknown value
ESI=0x0a9653dc is pointing into object: 0x0a9653c8
java.beans.MethodRef 
 - klass: 'java/beans/MethodRef'
EDI=0x00000002 is an unknown value


Stack: [0x15250000,0x152a0000],  sp=0x1529f5b0,  free space=317k
Native frames: (J=compiled Java code, j=interpreted, Vv=VM code, C=native code)
V  [jvm.dll+0xc05ea]
V  [jvm.dll+0x1b5b41]
V  [jvm.dll+0x1b5d3c]
V  [jvm.dll+0x17a903]
V  [jvm.dll+0x17943a]
V  [jvm.dll+0x986f0]
V  [jvm.dll+0x999e1]
V  [jvm.dll+0x9b720]
V  [jvm.dll+0x9bb89]
V  [jvm.dll+0x9a9af]
V  [jvm.dll+0xa6bf2]
V  [jvm.dll+0x995b3]
V  [jvm.dll+0x99ade]
V  [jvm.dll+0x99c71]
V  [jvm.dll+0x784b0]
V  [jvm.dll+0x1b92ed]
V  [jvm.dll+0x18330b]
V  [jvm.dll+0x182711]
V  [jvm.dll+0x182b27]
V  [jvm.dll+0x182d22]
V  [jvm.dll+0x1c2cb6]
C  [msvcr100.dll+0x5c556]
C  [msvcr100.dll+0x5c600]
C  [kernel32.dll+0x1336a]
C  [ntdll.dll+0x398f2]
C  [ntdll.dll+0x398c5]

VM_Operation (0x0041cea0): CollectForMetadataAllocation, mode: safepoint, requested by thread 0x0226f800


---------------  P R O C E S S  ---------------

Java Threads: ( => current thread )
  0x17cfa400 JavaThread "Tomcat JDBC Pool Cleaner[4985526:1513268721844]" daemon [_thread_blocked, id=3916, stack(0x16a70000,0x16ac0000)]
  0x17ca1400 JavaThread "container-0" [_thread_blocked, id=5448, stack(0x19080000,0x190d0000)]
  0x17c8dc00 JavaThread "ContainerBackgroundProcessor[StandardEngine[Tomcat].StandardHost[localhost].StandardContext[]]" daemon [_thread_blocked, id=4144, stack(0x18fa0000,0x18ff0000)]
  0x17bf4c00 JavaThread "localhost-startStop-1" daemon [_thread_blocked, id=7276, stack(0x18e00000,0x18e50000)]
  0x17b67800 JavaThread "Tomcat-startStop-1" daemon [_thread_blocked, id=5252, stack(0x18e50000,0x18ea0000)]
  0x16716800 JavaThread "RMI TCP Accept-0" daemon [_thread_in_native, id=4952, stack(0x16380000,0x163d0000)]
  0x16708c00 JavaThread "RMI TCP Accept-54229" daemon [_thread_in_native, id=8932, stack(0x16850000,0x168a0000)]
  0x16701000 JavaThread "RMI TCP Accept-0" daemon [_thread_in_native, id=6448, stack(0x168c0000,0x16910000)]
  0x021edc00 JavaThread "Service Thread" daemon [_thread_blocked, id=7852, stack(0x15c10000,0x15c60000)]
  0x021c5800 JavaThread "C1 CompilerThread0" daemon [_thread_blocked, id=5584, stack(0x15db0000,0x15e00000)]
  0x021c4c00 JavaThread "Attach Listener" daemon [_thread_blocked, id=8564, stack(0x15ca0000,0x15cf0000)]
  0x021bdc00 JavaThread "Signal Dispatcher" daemon [_thread_blocked, id=8996, stack(0x159b0000,0x15a00000)]
  0x021b2800 JavaThread "Finalizer" daemon [_thread_blocked, id=8308, stack(0x15a40000,0x15a90000)]
  0x02156000 JavaThread "Reference Handler" daemon [_thread_blocked, id=7972, stack(0x14640000,0x14690000)]
  0x0226f800 JavaThread "main" [_thread_blocked, id=8976, stack(0x003d0000,0x00420000)]

Other Threads:
=>0x02152000 VMThread [stack: 0x15250000,0x152a0000] [id=4672]
  0x1670f800 WatcherThread [stack: 0x16a20000,0x16a70000] [id=6680]

VM state:at safepoint (normal execution)

VM Mutex/Monitor currently owned by a thread:  ([mutex/lock_event])
[0x0212c750] Threads_lock - owner thread: 0x02152000
[0x0212cb60] Heap_lock - owner thread: 0x0226f800

Heap:
 def new generation   total 9344K, used 2604K [0x04600000, 0x05020000, 0x09b50000)
  eden space 8320K,  19% used [0x04600000, 0x0478b3c0, 0x04e20000)
  from space 1024K,  99% used [0x04f20000, 0x0501fe28, 0x05020000)
  to   space 1024K,   0% used [0x04e20000, 0x04e20000, 0x04f20000)
 tenured generation   total 20604K, used 20567K [0x09b50000, 0x0af6f000, 0x14600000)
   the space 20604K,  99% used [0x09b50000, 0x0af65fd0, 0x0af66000, 0x0af6f000)
 Metaspace       used 16132K, capacity 16319K, committed 16428K, reserved 16768K

Card table byte_map: [0x04540000,0x045d0000] byte_map_base: 0x0451d000

Polling page: 0x001e0000

CodeCache: size=32768Kb used=3555Kb max_used=3569Kb free=29212Kb
 bounds [0x02540000, 0x028c0000, 0x04540000]
 total_blobs=2015 nmethods=1824 adapters=121
 compilation: enabled

Compilation events (10 events):
Event: 3.692 Thread 0x021c5800 1845             java.util.Formatter$FormatSpecifier::checkBadFlags (39 bytes)
Event: 3.693 Thread 0x021c5800 nmethod 1845 0x028bc548 code [0x028bc660, 0x028bc7c8]
Event: 3.714 Thread 0x021c5800 1846             java.util.Hashtable$Entry::getKey (5 bytes)
Event: 3.715 Thread 0x021c5800 nmethod 1846 0x028bc988 code [0x028bca80, 0x028bcb00]
Event: 3.790 Thread 0x021c5800 1847             java.util.Hashtable$Entry::getValue (5 bytes)
Event: 3.790 Thread 0x021c5800 nmethod 1847 0x028bcb48 code [0x028bcc40, 0x028bccc0]
Event: 3.791 Thread 0x021c5800 1848             java.util.jar.Attributes$Name::equals (39 bytes)
Event: 3.791 Thread 0x021c5800 nmethod 1848 0x028bcd08 code [0x028bce10, 0x028bcf2c]
Event: 3.847 Thread 0x021c5800 1849             java.lang.ClassLoader::compareCerts (149 bytes)
Event: 3.848 Thread 0x021c5800 nmethod 1849 0x02784248 code [0x02784370, 0x027845d8]

GC Heap History (10 events):
Event: 3.574 GC heap after
Heap after GC invocations=58 (full 2):
 def new generation   total 9344K, used 391K [0x04600000, 0x05020000, 0x09b50000)
  eden space 8320K,   0% used [0x04600000, 0x04600000, 0x04e20000)
  from space 1024K,  38% used [0x04f20000, 0x04f81fb8, 0x05020000)
  to   space 1024K,   0% used [0x04e20000, 0x04e20000, 0x04f20000)
 tenured generation   total 20604K, used 19489K [0x09b50000, 0x0af6f000, 0x14600000)
   the space 20604K,  94% used [0x09b50000, 0x0ae58770, 0x0ae58800, 0x0af6f000)
 Metaspace       used 13640K, capacity 13852K, committed 13952K, reserved 14720K
}
Event: 3.653 GC heap before
{Heap before GC invocations=58 (full 2):
 def new generation   total 9344K, used 8678K [0x04600000, 0x05020000, 0x09b50000)
  eden space 8320K,  99% used [0x04600000, 0x04e17968, 0x04e20000)
  from space 1024K,  38% used [0x04f20000, 0x04f81fb8, 0x05020000)
  to   space 1024K,   0% used [0x04e20000, 0x04e20000, 0x04f20000)
 tenured generation   total 20604K, used 19489K [0x09b50000, 0x0af6f000, 0x14600000)
   the space 20604K,  94% used [0x09b50000, 0x0ae58770, 0x0ae58800, 0x0af6f000)
 Metaspace       used 13884K, capacity 14076K, committed 14208K, reserved 14720K
Event: 3.657 GC heap after
Heap after GC invocations=59 (full 2):
 def new generation   total 9344K, used 1023K [0x04600000, 0x05020000, 0x09b50000)
  eden space 8320K,   0% used [0x04600000, 0x04600000, 0x04e20000)
  from space 1024K,  99% used [0x04e20000, 0x04f1fff8, 0x04f20000)
  to   space 1024K,   0% used [0x04f20000, 0x04f20000, 0x05020000)
 tenured generation   total 20604K, used 19549K [0x09b50000, 0x0af6f000, 0x14600000)
   the space 20604K,  94% used [0x09b50000, 0x0ae677b8, 0x0ae67800, 0x0af6f000)
 Metaspace       used 13884K, capacity 14076K, committed 14208K, reserved 14720K
}
Event: 3.739 GC heap before
{Heap before GC invocations=59 (full 2):
 def new generation   total 9344K, used 9343K [0x04600000, 0x05020000, 0x09b50000)
  eden space 8320K, 100% used [0x04600000, 0x04e20000, 0x04e20000)
  from space 1024K,  99% used [0x04e20000, 0x04f1fff8, 0x04f20000)
  to   space 1024K,   0% used [0x04f20000, 0x04f20000, 0x05020000)
 tenured generation   total 20604K, used 19549K [0x09b50000, 0x0af6f000, 0x14600000)
   the space 20604K,  94% used [0x09b50000, 0x0ae677b8, 0x0ae67800, 0x0af6f000)
 Metaspace       used 14622K, capacity 14812K, committed 14976K, reserved 15744K
Event: 3.743 GC heap after
Heap after GC invocations=60 (full 2):
 def new generation   total 9344K, used 969K [0x04600000, 0x05020000, 0x09b50000)
  eden space 8320K,   0% used [0x04600000, 0x04600000, 0x04e20000)
  from space 1024K,  94% used [0x04f20000, 0x05012570, 0x05020000)
  to   space 1024K,   0% used [0x04e20000, 0x04e20000, 0x04f20000)
 tenured generation   total 20604K, used 20265K [0x09b50000, 0x0af6f000, 0x14600000)
   the space 20604K,  98% used [0x09b50000, 0x0af1a608, 0x0af1a800, 0x0af6f000)
 Metaspace       used 14622K, capacity 14812K, committed 14976K, reserved 15744K
}
Event: 3.827 GC heap before
{Heap before GC invocations=60 (full 2):
 def new generation   total 9344K, used 9289K [0x04600000, 0x05020000, 0x09b50000)
  eden space 8320K, 100% used [0x04600000, 0x04e20000, 0x04e20000)
  from space 1024K,  94% used [0x04f20000, 0x05012570, 0x05020000)
  to   space 1024K,   0% used [0x04e20000, 0x04e20000, 0x04f20000)
 tenured generation   total 20604K, used 20265K [0x09b50000, 0x0af6f000, 0x14600000)
   the space 20604K,  98% used [0x09b50000, 0x0af1a608, 0x0af1a800, 0x0af6f000)
 Metaspace       used 15189K, capacity 15388K, committed 15488K, reserved 15744K
Event: 3.830 GC heap after
Heap after GC invocations=61 (full 2):
 def new generation   total 9344K, used 822K [0x04600000, 0x05020000, 0x09b50000)
  eden space 8320K,   0% used [0x04600000, 0x04600000, 0x04e20000)
  from space 1024K,  80% used [0x04e20000, 0x04eed878, 0x04f20000)
  to   space 1024K,   0% used [0x04f20000, 0x04f20000, 0x05020000)
 tenured generation   total 20604K, used 20401K [0x09b50000, 0x0af6f000, 0x14600000)
   the space 20604K,  99% used [0x09b50000, 0x0af3c728, 0x0af3c800, 0x0af6f000)
 Metaspace       used 15189K, capacity 15388K, committed 15488K, reserved 15744K
}
Event: 3.909 GC heap before
{Heap before GC invocations=61 (full 2):
 def new generation   total 9344K, used 9142K [0x04600000, 0x05020000, 0x09b50000)
  eden space 8320K, 100% used [0x04600000, 0x04e20000, 0x04e20000)
  from space 1024K,  80% used [0x04e20000, 0x04eed878, 0x04f20000)
  to   space 1024K,   0% used [0x04f20000, 0x04f20000, 0x05020000)
 tenured generation   total 20604K, used 20401K [0x09b50000, 0x0af6f000, 0x14600000)
   the space 20604K,  99% used [0x09b50000, 0x0af3c728, 0x0af3c800, 0x0af6f000)
 Metaspace       used 15909K, capacity 16127K, committed 16256K, reserved 16768K
Event: 3.912 GC heap after
Heap after GC invocations=62 (full 2):
 def new generation   total 9344K, used 1023K [0x04600000, 0x05020000, 0x09b50000)
  eden space 8320K,   0% used [0x04600000, 0x04600000, 0x04e20000)
  from space 1024K,  99% used [0x04f20000, 0x0501fe28, 0x05020000)
  to   space 1024K,   0% used [0x04e20000, 0x04e20000, 0x04f20000)
 tenured generation   total 20604K, used 20567K [0x09b50000, 0x0af6f000, 0x14600000)
   the space 20604K,  99% used [0x09b50000, 0x0af65fd0, 0x0af66000, 0x0af6f000)
 Metaspace       used 15909K, capacity 16127K, committed 16256K, reserved 16768K
}
Event: 3.927 GC heap before
{Heap before GC invocations=62 (full 2):
 def new generation   total 9344K, used 2604K [0x04600000, 0x05020000, 0x09b50000)
  eden space 8320K,  19% used [0x04600000, 0x0478b3c0, 0x04e20000)
  from space 1024K,  99% used [0x04f20000, 0x0501fe28, 0x05020000)
  to   space 1024K,   0% used [0x04e20000, 0x04e20000, 0x04f20000)
 tenured generation   total 20604K, used 20567K [0x09b50000, 0x0af6f000, 0x14600000)
   the space 20604K,  99% used [0x09b50000, 0x0af65fd0, 0x0af66000, 0x0af6f000)
 Metaspace       used 16132K, capacity 16319K, committed 16428K, reserved 16768K

Deoptimization events (0 events):
No events

Internal exceptions (10 events):
Event: 3.628 Thread 0x0226f800 Exception <a 'java/lang/ClassNotFoundException': java/lang/ObjectCustomizer> (0x04aedd90) thrown at [C:\workspace\8-2-build-windows-i586-cygwin\jdk8u151\9699\hotspot\src\share\vm\classfile\systemDictionary.cpp, line 210]
Event: 3.628 Thread 0x0226f800 Exception <a 'java/lang/ClassNotFoundException': org/springframework/orm/jpa/AbstractEntityManagerFactoryBeanCustomizer> (0x04b08540) thrown at [C:\workspace\8-2-build-windows-i586-cygwin\jdk8u151\9699\hotspot\src\share\vm\classfile\systemDictionary.cpp, 
Event: 3.628 Thread 0x0226f800 Exception <a 'java/lang/ArrayIndexOutOfBoundsException'> (0x04b0c9e8) thrown at [C:\workspace\8-2-build-windows-i586-cygwin\jdk8u151\9699\hotspot\src\share\vm\runtime\sharedRuntime.cpp, line 605]
Event: 3.628 Thread 0x0226f800 Exception <a 'java/lang/ArrayIndexOutOfBoundsException'> (0x04b11d10) thrown at [C:\workspace\8-2-build-windows-i586-cygwin\jdk8u151\9699\hotspot\src\share\vm\runtime\sharedRuntime.cpp, line 605]
Event: 3.628 Thread 0x0226f800 Exception <a 'java/lang/ArrayIndexOutOfBoundsException'> (0x04b137d8) thrown at [C:\workspace\8-2-build-windows-i586-cygwin\jdk8u151\9699\hotspot\src\share\vm\runtime\sharedRuntime.cpp, line 605]
Event: 3.628 Thread 0x0226f800 Exception <a 'java/lang/ArrayIndexOutOfBoundsException'> (0x04b14d58) thrown at [C:\workspace\8-2-build-windows-i586-cygwin\jdk8u151\9699\hotspot\src\share\vm\runtime\sharedRuntime.cpp, line 605]
Event: 3.628 Thread 0x0226f800 Exception <a 'java/lang/ArrayIndexOutOfBoundsException'> (0x04b16810) thrown at [C:\workspace\8-2-build-windows-i586-cygwin\jdk8u151\9699\hotspot\src\share\vm\runtime\sharedRuntime.cpp, line 605]
Event: 3.629 Thread 0x0226f800 Exception <a 'java/lang/ArrayIndexOutOfBoundsException'> (0x04b18218) thrown at [C:\workspace\8-2-build-windows-i586-cygwin\jdk8u151\9699\hotspot\src\share\vm\runtime\sharedRuntime.cpp, line 605]
Event: 3.629 Thread 0x0226f800 Exception <a 'java/lang/ArrayIndexOutOfBoundsException'> (0x04b19b60) thrown at [C:\workspace\8-2-build-windows-i586-cygwin\jdk8u151\9699\hotspot\src\share\vm\runtime\sharedRuntime.cpp, line 605]
Event: 3.630 Thread 0x0226f800 Exception <a 'java/lang/ClassNotFoundException': org/springframework/orm/jpa/LocalContainerEntityManagerFactoryBeanCustomizer> (0x04b4b688) thrown at [C:\workspace\8-2-build-windows-i586-cygwin\jdk8u151\9699\hotspot\src\share\vm\classfile\systemDictionary

Events (10 events):
Event: 3.926 loading class org/h2/mvstore/db/TransactionStore$VersionedValueType done
Event: 3.926 loading class org/h2/mvstore/db/TransactionStore$ArrayType
Event: 3.926 loading class org/h2/mvstore/db/TransactionStore$ArrayType done
Event: 3.926 loading class org/h2/mvstore/Cursor
Event: 3.926 loading class org/h2/mvstore/Cursor done
Event: 3.926 loading class org/h2/mvstore/CursorPos
Event: 3.926 loading class org/h2/mvstore/CursorPos done
Event: 3.927 loading class org/h2/engine/User
Event: 3.927 loading class org/h2/engine/User done
Event: 3.927 Executing VM operation: CollectForMetadataAllocation


Dynamic libraries:
0x00180000 - 0x001b3000 	C:\Program Files (x86)\Java\jre1.8.0_151\bin\javaw.exe
0x76e90000 - 0x77010000 	C:\Windows\SysWOW64\ntdll.dll
0x76490000 - 0x765a0000 	C:\Windows\syswow64\kernel32.dll
0x6c210000 - 0x6c23f000 	C:\Program Files\AVAST Software\Avast\aswhookx.dll
0x747a0000 - 0x747e7000 	C:\Windows\syswow64\KERNELBASE.dll
0x74800000 - 0x748a1000 	C:\Windows\syswow64\ADVAPI32.dll
0x762e0000 - 0x7638c000 	C:\Windows\syswow64\msvcrt.dll
0x75b10000 - 0x75b29000 	C:\Windows\SysWOW64\sechost.dll
0x75fe0000 - 0x760d0000 	C:\Windows\syswow64\RPCRT4.dll
0x74730000 - 0x74790000 	C:\Windows\syswow64\SspiCli.dll
0x74720000 - 0x7472c000 	C:\Windows\syswow64\CRYPTBASE.dll
0x75770000 - 0x75870000 	C:\Windows\syswow64\USER32.dll
0x760d0000 - 0x76160000 	C:\Windows\syswow64\GDI32.dll
0x75870000 - 0x7587a000 	C:\Windows\syswow64\LPK.dll
0x766b0000 - 0x7674d000 	C:\Windows\syswow64\USP10.dll
0x6b410000 - 0x6b5ae000 	C:\Windows\WinSxS\x86_microsoft.windows.common-controls_6595b64144ccf1df_6.0.7601.18837_none_41e855142bd5705d\COMCTL32.dll
0x75b90000 - 0x75be7000 	C:\Windows\syswow64\SHLWAPI.dll
0x75b30000 - 0x75b90000 	C:\Windows\system32\IMM32.DLL
0x763c0000 - 0x7648d000 	C:\Windows\syswow64\MSCTF.dll
0x50070000 - 0x5012f000 	C:\Program Files (x86)\Java\jre1.8.0_151\bin\msvcr100.dll
0x64aa0000 - 0x64e6e000 	C:\Program Files (x86)\Java\jre1.8.0_151\bin\client\jvm.dll
0x71ec0000 - 0x71ec7000 	C:\Windows\system32\WSOCK32.dll
0x75fa0000 - 0x75fd5000 	C:\Windows\syswow64\WS2_32.dll
0x74790000 - 0x74796000 	C:\Windows\syswow64\NSI.dll
0x72b10000 - 0x72b42000 	C:\Windows\system32\WINMM.dll
0x719d0000 - 0x719d9000 	C:\Windows\system32\VERSION.dll
0x763b0000 - 0x763b5000 	C:\Windows\syswow64\PSAPI.DLL
0x73980000 - 0x7398c000 	C:\Program Files (x86)\Java\jre1.8.0_151\bin\verify.dll
0x73950000 - 0x73971000 	C:\Program Files (x86)\Java\jre1.8.0_151\bin\java.dll
0x73930000 - 0x73944000 	C:\Program Files (x86)\Java\jre1.8.0_151\bin\zip.dll
0x74970000 - 0x755bc000 	C:\Windows\syswow64\SHELL32.dll
0x75e30000 - 0x75f8d000 	C:\Windows\syswow64\ole32.dll
0x75ad0000 - 0x75adb000 	C:\Windows\syswow64\profapi.dll
0x647a0000 - 0x647aa000 	C:\Program Files (x86)\Java\jre1.8.0_151\bin\management.dll
0x73910000 - 0x73926000 	C:\Program Files (x86)\Java\jre1.8.0_151\bin\net.dll
0x702b0000 - 0x702ec000 	C:\Windows\system32\mswsock.dll
0x702a0000 - 0x702a6000 	C:\Windows\System32\wship6.dll
0x73900000 - 0x7390f000 	C:\Program Files (x86)\Java\jre1.8.0_151\bin\nio.dll
0x6ff50000 - 0x6ff60000 	C:\Windows\system32\NLAapi.dll
0x6ff40000 - 0x6ff50000 	C:\Windows\system32\napinsp.dll
0x6dba0000 - 0x6dbb2000 	C:\Windows\system32\pnrpnsp.dll
0x71cd0000 - 0x71d14000 	C:\Windows\system32\DNSAPI.dll
0x6ff30000 - 0x6ff38000 	C:\Windows\System32\winrnr.dll
0x6db90000 - 0x6db9d000 	C:\Windows\system32\wshbth.dll
0x6db80000 - 0x6db85000 	C:\Windows\System32\wshtcpip.dll
0x71a10000 - 0x71a2c000 	C:\Windows\system32\IPHLPAPI.DLL
0x71a00000 - 0x71a07000 	C:\Windows\system32\WINNSI.DLL
0x6de30000 - 0x6de36000 	C:\Windows\system32\rasadhlp.dll
0x6ddf0000 - 0x6de28000 	C:\Windows\System32\fwpuclnt.dll
0x717f0000 - 0x71807000 	C:\Windows\system32\CRYPTSP.dll
0x717b0000 - 0x717eb000 	C:\Windows\system32\rsaenh.dll
0x75dc0000 - 0x75dd7000 	C:\Windows\syswow64\USERENV.dll
0x70130000 - 0x7013d000 	C:\Windows\system32\dhcpcsvc6.DLL
0x6ff60000 - 0x6ff72000 	C:\Windows\system32\dhcpcsvc.DLL
0x718e0000 - 0x719cb000 	C:\Windows\system32\dbghelp.dll

VM Arguments:
jvm_args: -Dcom.sun.management.jmxremote -Dcom.sun.management.jmxremote.port=54229 -Dcom.sun.management.jmxremote.authenticate=false -Dcom.sun.management.jmxremote.ssl=false -Djava.rmi.server.hostname=localhost -Dspring.liveBeansView.mbeanDomain -Dspring.application.admin.enabled=true -Xverify:none -XX:TieredStopAtLevel=1 -Dfile.encoding=UTF-8 
java_command: br.com.fabricadeprogramador.ApiwebApplication --spring.output.ansi.enabled=always
java_class_path (initial): C:\Program Files (x86)\Java\jre1.8.0_151\lib\resources.jar;C:\Program Files (x86)\Java\jre1.8.0_151\lib\rt.jar;C:\Program Files (x86)\Java\jre1.8.0_151\lib\jsse.jar;C:\Program Files (x86)\Java\jre1.8.0_151\lib\jce.jar;C:\Program Files (x86)\Java\jre1.8.0_151\lib\charsets.jar;C:\Program Files (x86)\Java\jre1.8.0_151\lib\jfr.jar;C:\Program Files (x86)\Java\jre1.8.0_151\lib\ext\access-bridge-32.jar;C:\Program Files (x86)\Java\jre1.8.0_151\lib\ext\cldrdata.jar;C:\Program Files (x86)\Java\jre1.8.0_151\lib\ext\dnsns.jar;C:\Program Files (x86)\Java\jre1.8.0_151\lib\ext\jaccess.jar;C:\Program Files (x86)\Java\jre1.8.0_151\lib\ext\jfxrt.jar;C:\Program Files (x86)\Java\jre1.8.0_151\lib\ext\localedata.jar;C:\Program Files (x86)\Java\jre1.8.0_151\lib\ext\nashorn.jar;C:\Program Files (x86)\Java\jre1.8.0_151\lib\ext\sunec.jar;C:\Program Files (x86)\Java\jre1.8.0_151\lib\ext\sunjce_provider.jar;C:\Program Files (x86)\Java\jre1.8.0_151\lib\ext\sunmscapi.jar;C:\Program Files (x86)\Java\jre1.8.0_151\lib\ext\sunpkcs11.jar;C:\Program Files (x86)\Java\jre1.8.0_151\lib\ext\zipfs.jar;C:\Users\Marcus\Desktop\lab2\target\classes;C:\Users\Marcus\.m2\repository\org\springframework\boot\spring-boot-starter-web\1.3.5.RELEASE\spring-boot-starter-web-1.3.5.RELEASE.jar;C:\Users\Marcus\.m2\repository\org\springframework\boot\spring-boot-starter\1.3.5.RELEASE\spring-boot-starter-1.3.5.RELEASE.jar;C:\Users\Marcus\.m2\repository\org\springframework\boot\spring-boot\1.3.5.RELEASE\spring-boot-1.3.5.RELEASE.jar;C:\Users\Marcus\.m2\repository\org\springframework\boot\spring-boot-autoconfigure\1.3.5.RELEASE\spring-boot-autoconfigure-1.3.5.RELEASE.jar;C:\Users\Marcus\.m2\repository\org\springframework\boot\spring-boot-starter-logging\1.3.5.RELEASE\spring-boot-starter-logging-1.3.5.RELEASE.jar;C:\Users\Marcus\.m2\repository\ch\qos\logback\logback-classic\1.1.7\logback-classic-1.1.7.jar;C:\Users\Marcus\.m2\repository\ch\qos\logback\logback-core\1.1.7\logback-core-1.1.7.jar;C:\User
Launcher Type: SUN_STANDARD

Environment Variables:
PATH=C:/Program Files (x86)/Java/jre1.8.0_151/bin/client;C:/Program Files (x86)/Java/jre1.8.0_151/bin;C:/Program Files (x86)/Java/jre1.8.0_151/lib/i386;C:\ProgramData\Oracle\Java\javapath;C:\Windows\system32;C:\Windows;C:\Windows\System32\Wbem;C:\Windows\System32\WindowsPowerShell\v1.0\;C:\Program Files (x86)\NVIDIA Corporation\PhysX\Common;C:\Program Files (x86)\Skype\Phone\;C:\Program Files\nodejs\;C:\Program Files\dotnet\;C:\Program Files\Microsoft SQL Server\130\Tools\Binn\;C:\Program Files\Git\cmd;C:\Users\Marcus\AppData\Roaming\npm;C:\Users\Marcus\Desktop\Programação\sts-bundle\sts-3.9.1.RELEASE;
USERNAME=Marcus
OS=Windows_NT
PROCESSOR_IDENTIFIER=AMD64 Family 21 Model 2 Stepping 0, AuthenticAMD



---------------  S Y S T E M  ---------------

OS: Windows 7 , 64 bit Build 7601 (6.1.7601.23915)

CPU:total 6 (initial active 6) (6 cores per cpu, 1 threads per core) family 21 model 2 stepping 0, cmov, cx8, fxsr, mmx, sse, sse2, sse3, ssse3, sse4.1, sse4.2, popcnt, avx, aes, clmul, mmxext, 3dnowpref, lzcnt, sse4a, tsc, tscinvbit, tscinv, bmi1

Memory: 4k page, physical 8370292k(2623328k free), swap 16738724k(10635544k free)

vm_info: Java HotSpot(TM) Client VM (25.151-b12) for windows-x86 JRE (1.8.0_151-b12), built on Sep  5 2017 19:31:49 by "java_re" with MS VC++ 10.0 (VS2010)

time: Thu Dec 14 14:25:21 2017
elapsed time: 3 seconds (0d 0h 0m 3s)

